In file included from ArrayQuestion.h:6:0,
                 from AbstractQuestionnaire.cpp:27:
question.h:235:3: error: ISO C++ forbids declaration of ‘AbstractQuestion’ with no type [-fpermissive]
question.h:235:3: error: declaration of ‘int AbstractRuntimeQuestion::AbstractQuestion(DataType, int32_t, std::string, std::vector<TextExpression*>, QuestionType, int32_t, DataType, std::vector<AbstractExpression*>&, CompoundStatement*, std::vector<ActiveVariableInfo*>, QuestionAttributes, const XtccSet&)’ [-fpermissive]
question.h:68:8: error: changes meaning of ‘AbstractQuestion’ from ‘struct AbstractQuestion’ [-fpermissive]
question.h:242:3: error: ISO C++ forbids declaration of ‘AbstractQuestion’ with no type [-fpermissive]
question.h:251:3: error: ISO C++ forbids declaration of ‘AbstractQuestion’ with no type [-fpermissive]
question.h:261:3: error: ISO C++ forbids declaration of ‘AbstractQuestion’ with no type [-fpermissive]
question.h:262:28: error: declaration of ‘~AbstractQuestion’ as member of ‘AbstractRuntimeQuestion’
question.h:274:27: error: ‘AbstractQuestion’ is not a type
question.h:287:10: error: ‘AbstractRuntimeQuestion::AbstractQuestion’ cannot appear in a constant-expression
question.h:287:27: error: template argument 1 is invalid
question.h:287:27: error: template argument 2 is invalid
question.h:299:58: error: ‘AbstractQuestion’ is not a type
question.h:300:61: error: ‘AbstractQuestion’ is not a type
question.h:305:39: error: ‘AbstractQuestion’ is not a type
question.h:306:13: error: ‘AbstractQuestion’ is not a type
question.h:307:32: error: ‘AbstractQuestion’ is not a type
question.h:307:54: error: ‘AbstractQuestion’ is not a type
question.h:308:49: error: ‘AbstractQuestion’ is not a type
question.h:309:16: error: ‘AbstractQuestion’ is not a type
question.h:310:49: error: ‘AbstractQuestion’ is not a type
question.h:311:16: error: ‘AbstractQuestion’ is not a type
question.h:312:27: error: ‘AbstractQuestion’ is not a type
question.h:328:3: error: ‘AbstractQuestion’ does not name a type
question.h:329:27: error: ‘AbstractQuestion’ does not name a type
question.h:329:43: error: ISO C++ forbids declaration of ‘parameter’ with no type [-fpermissive]
question.h:329:44: error: ISO C++ forbids declaration of ‘AbstractQuestion’ with no type [-fpermissive]
make: *** [AbstractQuestionnaire.o] Error 1
